<?xml version="1.0" encoding="UTF-8"?>
<!-- Generated by org.testng.reporters.JUnitReportReporter -->
<testsuite skipped="0" hostname="USER-PC" name="testGit.Demo" tests="2" failures="0" timestamp="2021-03-13T13:39:05 IST" time="0.028" errors="0">
  <testcase name="m1" time="0.005" classname="testGit.Demo"/>
  <system-out/>
  <testcase name="m" time="0.023" classname="testGit.Demo"/>
  <system-out/>
</testsuite> <!-- testGit.Demo -->
